<?xml version="1.0" encoding="UTF-8"?>
<!-- Generated by org.testng.reporters.JUnitXMLReporter -->
<testsuite hostname="Graces-MBP.hsd1.pa.comcast.net" ignored="0" name="AppTest" tests="1" failures="1" timestamp="2020-10-26T12:36:18 EDT" time="0.032" errors="0">
  <testcase name="testApp" time="0.007" classname="Academy.E2Eframeworkproject.AppTest">
    <failure type="java.lang.AssertionError">
      <![CDATA[java.lang.AssertionError: 
at Academy.E2Eframeworkproject.AppTest.testApp(AppTest.java:26)
at java.util.ArrayList.forEach(ArrayList.java:1257)
at java.util.concurrent.FutureTask.run(FutureTask.java:266)
at java.util.concurrent.ThreadPoolExecutor.runWorker(ThreadPoolExecutor.java:1149)
at java.util.concurrent.ThreadPoolExecutor$Worker.run(ThreadPoolExecutor.java:624)
at java.lang.Thread.run(Thread.java:748)
... Removed 21 stack frames]]>
    </failure>
  </testcase> <!-- testApp -->
</testsuite> <!-- AppTest -->
