<?xml version="1.0" encoding="UTF-8"?>
<!-- Generated by org.testng.reporters.JUnitXMLReporter -->
<testsuite hostname="Graces-MBP.hsd1.pa.comcast.net" ignored="0" name="Test" tests="4" failures="0" timestamp="2020-10-19T13:52:50 EDT" time="25.623" errors="0">
  <testcase name="basePageNavigation" time="11.549" classname="Academy.E2Eframeworkproject.HomePage"/>
  <testcase name="basePageNavigation" time="3.605" classname="Academy.E2Eframeworkproject.validateTitle"/>
  <testcase name="testApp" time="0.0" classname="Academy.E2Eframeworkproject.AppTest"/>
  <testcase name="basePageNavigation" time="3.016" classname="Academy.E2Eframeworkproject.validateNavigationBar"/>
</testsuite> <!-- Test -->
