<?xml version="1.0" encoding="UTF-8"?>
<testsuite xmlns:xsi="http://www.w3.org/2001/XMLSchema-instance" xsi:noNamespaceSchemaLocation="https://maven.apache.org/surefire/maven-surefire-plugin/xsd/surefire-test-report-3.0.xsd" version="3.0" name="TestSuite" time="20.825" tests="4" errors="0" skipped="0" failures="1">
  <properties>
[...]
</properties>
  <testcase name="testApp" classname="Academy.E2Eframeworkproject.AppTest" time="0.014">
    <failure type="java.lang.AssertionError"><![CDATA[java.lang.AssertionError: 
	at Academy.E2Eframeworkproject.AppTest.testApp(AppTest.java:26)
]]></failure>
  </testcase>
  <testcase name="basePageNavigation" classname="Academy.E2Eframeworkproject.validateNavigationBar" time="0.853">
    <system-out><![CDATA[/Users/gracevallu/eclipse-workspace/E2Eframeworkproject/reports/basePageNavigation.png
]]></system-out>
    <system-err><![CDATA[SSStttaaarrrtttiiinnnggg  C ChChrhroromomemDreeiDvrDerri 8v6ie.r0v .e84r2 640.8.06..2024.24 42(403.09282.b 0(273249383b503 7f(f433396f83b1b5b03827f464f33836f56f33baf31afb398632bf44be612be888f29466e38-far36ea3f9s3a/bb34raea29ne3c8hb9-e4he-ear2dseefs/b/8r4a29n4ceh0--@rh{ee#fa3sd7/s8b/}r4)a2 n4oc0nh@ -{ph#oe3ra7td8 }s3)/3 42o28n45 0
p@Oo{nr#lt3y 7 28l8}o5)c6 a8lo
 nOc noplnonye rclto tc3ial4 565
Onlyo lnosc aalr ec oanlcnloeowcnetniedoc.nts
i oaPnrsle e aaarlsleoew  eads.lleo
ewP eldeh.at
stPep lsse:e/e/a chttseh rpsosmee:edr /ih/vetcr.thcprhrsoomm:i/uemd/.ocrrghi/srveeocmrure.itdycr-hciornvsoeidmreir.auctimhon.rsoo frmoigr u/smusg.egoecsrtuigro/niss teonyc ku-eercpiionntg ysCh-irodcmeeoDrnrivsaerit sidafeoe.rn
asC thrifomooeDrnri sve sr fuwaogs rgst earssteutd gisougcnecesstssif ouolnnls y .ko
ene pkienegp iCnhgr oCmherDomerDirvievr ers asfaef.e
.
ChCrhormoemDerDirvievre rw awsa ss tsatratretd esdu scuccecsessfsuflullyl.y
.
Nov 09, 2020 8:37:12 PM org.openqa.selenium.remote.ProtocolHandshake createSession
INFO: Detected dialect: W3C
Nov 09, 2020 8:37:12 PM org.openqa.selenium.remote.ProtocolHandshake createSession
INFO: Detected dialect: W3C
Nov 09, 2020 8:37:12 PM org.openqa.selenium.remote.ProtocolHandshake createSession
INFO: Detected dialect: W3C
Starting ChromeDriver 86.0.4240.22 (398b0743353ff36fb1b82468f63a3a93b4e2e89e-refs/branch-heads/4240@{#378}) on port 40711
Only local connections are allowed.
Please see https://chromedriver.chromium.org/security-considerations for suggestions on keeping ChromeDriver safe.
ChromeDriver was started successfully.
]]></system-err>
  </testcase>
  <testcase name="basePageNavigation" classname="Academy.E2Eframeworkproject.validateTitle" time="7.122">
    <system-out><![CDATA[/Users/gracevallu/eclipse-workspace/E2Eframeworkproject/reports/basePageNavigation.png
]]></system-out>
    <system-err><![CDATA[Nov 09, 2020 8:37:23 PM org.openqa.selenium.remote.ProtocolHandshake createSession
INFO: Detected dialect: W3C
]]></system-err>
  </testcase>
  <testcase name="basePageNavigation[grace@qaclick.com, kiru](1)" classname="Academy.E2Eframeworkproject.HomePage" time="7.639">
    <system-out><![CDATA[/Users/gracevallu/eclipse-workspace/E2Eframeworkproject/reports/basePageNavigation.png
]]></system-out>
  </testcase>
</testsuite>